#! /home/hlocal/bin/vvp
:ivl_version "0.9.4 " "(v0_9_4)";
:vpi_time_precision - 12;
:vpi_module "system";
:vpi_module "v2005_math";
:vpi_module "va_math";
S_0x21709b0 .scope module, "test_mipse" "test_mipse" 2 4;
 .timescale -9 -12;
P_0x21694f8 .param/l "STEP" 2 5, +C4<01010>;
v0x21a7890_0 .var "clk", 0 0;
v0x21a7910_0 .net "daddr", 31 0, L_0x21abfa0; 1 drivers
v0x21a79e0_0 .net "ddatain", 31 0, L_0x21ad6a0; 1 drivers
v0x21a7d90_0 .net "ddataout", 31 0, L_0x21ace10; 1 drivers
v0x21a7e10_0 .net "iaddr", 31 0, v0x21a7060_0; 1 drivers
v0x21a7e90_0 .net "idata", 31 0, L_0x21ad460; 1 drivers
v0x21a7f60_0 .var "rst_n", 0 0;
v0x21a7fe0_0 .net "we", 0 0, L_0x21a9ae0; 1 drivers
E_0x2180410 .event negedge, v0x21a2700_0;
L_0x21ad510 .part v0x21a7060_0, 2, 16;
L_0x21ad790 .part L_0x21abfa0, 2, 16;
S_0x21a2da0 .scope module, "mipse_1" "mipse" 2 17, 3 2, S_0x21709b0;
 .timescale -9 -12;
L_0x21a36d0 .functor BUFZ 32, L_0x21ad460, C4<00000000000000000000000000000000>, C4<00000000000000000000000000000000>, C4<00000000000000000000000000000000>;
L_0x21a8c30 .functor AND 1, L_0x21a8eb0, L_0x21a91f0, C4<1>, C4<1>;
L_0x21a9ae0 .functor BUFZ 1, L_0x21a8c90, C4<0>, C4<0>, C4<0>;
L_0x21a9b90 .functor OR 1, L_0x21a9440, L_0x21a8d80, C4<0>, C4<0>;
L_0x21a9c90 .functor OR 1, L_0x21a9b90, L_0x21a8c90, C4<0>, C4<0>;
L_0x21a9f20 .functor OR 1, L_0x21a9440, L_0x21a8d80, C4<0>, C4<0>;
L_0x21a9f80 .functor OR 1, L_0x21a9f20, L_0x21a8c90, C4<0>, C4<0>;
L_0x21aa0c0 .functor OR 1, L_0x21a9640, L_0x21a9770, C4<0>, C4<0>;
L_0x21aa690 .functor OR 1, L_0x21a8d80, L_0x21a8c30, C4<0>, C4<0>;
L_0x21aa6f0 .functor OR 1, L_0x21aa690, L_0x21a9440, C4<0>, C4<0>;
v0x21a53f0_0 .net *"_s10", 0 0, L_0x21a85f0; 1 drivers
v0x21a5660_0 .net *"_s11", 15 0, L_0x21a8720; 1 drivers
v0x21a56e0_0 .net *"_s14", 15 0, L_0x21a8880; 1 drivers
v0x21a5760_0 .net *"_s17", 5 0, C4<101011>; 1 drivers
v0x21a5810_0 .net *"_s21", 5 0, C4<100011>; 1 drivers
v0x21a5890_0 .net *"_s25", 5 0, C4<000000>; 1 drivers
v0x21a5930_0 .net *"_s27", 0 0, L_0x21a8eb0; 1 drivers
v0x21a59d0_0 .net *"_s30", 2 0, L_0x21a9010; 1 drivers
v0x21a5a70_0 .net *"_s31", 2 0, C4<100>; 1 drivers
v0x21a5b10_0 .net *"_s33", 0 0, L_0x21a91f0; 1 drivers
v0x21a5bb0_0 .net *"_s37", 5 0, C4<001000>; 1 drivers
v0x21a5c50_0 .net *"_s41", 5 0, C4<000100>; 1 drivers
v0x21a5cf0_0 .net *"_s45", 5 0, C4<000101>; 1 drivers
v0x21a5d90_0 .net *"_s49", 5 0, C4<000010>; 1 drivers
v0x21a5eb0_0 .net *"_s55", 0 0, L_0x21a9b90; 1 drivers
v0x21a5f50_0 .net *"_s57", 0 0, L_0x21a9c90; 1 drivers
v0x21a5e10_0 .net *"_s61", 0 0, L_0x21a9f20; 1 drivers
v0x21a60a0_0 .net *"_s63", 0 0, L_0x21a9f80; 1 drivers
v0x21a61c0_0 .net *"_s65", 5 0, C4<100000>; 1 drivers
v0x21a6240_0 .net *"_s67", 0 0, L_0x21aa0c0; 1 drivers
v0x21a6120_0 .net *"_s69", 5 0, C4<100010>; 1 drivers
v0x21a6370_0 .net *"_s71", 5 0, L_0x21aa220; 1 drivers
v0x21a62c0_0 .net *"_s77", 0 0, L_0x21aa690; 1 drivers
v0x21a64b0_0 .net *"_s8", 31 0, L_0x21a36d0; 1 drivers
v0x21a6410_0 .net *"_s83", 32 0, L_0x21acf50; 1 drivers
v0x21a6600_0 .net *"_s86", 0 0, C4<0>; 1 drivers
v0x21a6550_0 .net *"_s87", 32 0, C4<000000000000000000000000000000100>; 1 drivers
v0x21a6760_0 .net *"_s89", 32 0, L_0x21ad1a0; 1 drivers
v0x21a66a0_0 .net "addi_op", 0 0, L_0x21a9440; 1 drivers
v0x21a68d0_0 .net "alu_op", 0 0, L_0x21a8c30; 1 drivers
v0x21a67e0_0 .alias "aluresult", 31 0, v0x21a7910_0;
v0x21a6a50_0 .net "beq_op", 0 0, L_0x21a9640; 1 drivers
v0x21a6950_0 .net "bne_op", 0 0, L_0x21a9770; 1 drivers
v0x21a6be0_0 .net "clk", 0 0, v0x21a7890_0; 1 drivers
v0x21a6ad0_0 .net "com", 5 0, L_0x21aa310; 1 drivers
v0x21a6b50_0 .net "func", 5 0, L_0x21a8550; 1 drivers
v0x21a6d90_0 .alias "instr", 31 0, v0x21a7e90_0;
v0x21a6e10_0 .net "j_op", 0 0, L_0x21a9900; 1 drivers
v0x21a6c60_0 .net "lw_op", 0 0, L_0x21a8d80; 1 drivers
v0x21a6d00_0 .alias "memwrite", 0 0, v0x21a7fe0_0;
v0x21a6fe0_0 .net "opcode", 5 0, L_0x21a80b0; 1 drivers
v0x21a7060_0 .var "pc", 31 0;
v0x21a6e90_0 .net "pcplus4", 31 0, L_0x21aa980; 1 drivers
v0x21a6f30_0 .net "rd", 4 0, L_0x21a8380; 1 drivers
v0x21a7250_0 .alias "readdata", 31 0, v0x21a79e0_0;
v0x21a72d0_0 .net "regwrite", 0 0, L_0x21aa6f0; 1 drivers
v0x21a7110_0 .net "result", 31 0, L_0x21aa510; 1 drivers
v0x21a7190_0 .net "rs", 4 0, L_0x21a8150; 1 drivers
v0x21a74e0_0 .net "rst_n", 0 0, v0x21a7f60_0; 1 drivers
v0x21a7560_0 .net "rt", 4 0, L_0x21a8290; 1 drivers
v0x21a7380_0 .net "shamt", 4 0, L_0x21a84b0; 1 drivers
v0x21a7400_0 .net "signimm", 31 0, L_0x21a8920; 1 drivers
v0x21a7790_0 .net "srca", 31 0, L_0x21ac7a0; 1 drivers
v0x21a7810_0 .net "srcb", 31 0, L_0x21a9d40; 1 drivers
v0x21a75e0_0 .net "sw_op", 0 0, L_0x21a8c90; 1 drivers
v0x21a7660_0 .alias "writedata", 31 0, v0x21a7d90_0;
v0x21a7a60_0 .net "writereg", 4 0, L_0x21aa8e0; 1 drivers
v0x21a7ae0_0 .net "zero", 0 0, L_0x21ac170; 1 drivers
E_0x21a2e90/0 .event negedge, v0x21a74e0_0;
E_0x21a2e90/1 .event posedge, v0x21a2700_0;
E_0x21a2e90 .event/or E_0x21a2e90/0, E_0x21a2e90/1;
L_0x21a80b0 .part L_0x21a36d0, 26, 6;
L_0x21a8150 .part L_0x21a36d0, 21, 5;
L_0x21a8290 .part L_0x21a36d0, 16, 5;
L_0x21a8380 .part L_0x21a36d0, 11, 5;
L_0x21a84b0 .part L_0x21a36d0, 6, 5;
L_0x21a8550 .part L_0x21a36d0, 0, 6;
L_0x21a85f0 .part L_0x21ad460, 15, 1;
LS_0x21a8720_0_0 .concat [ 1 1 1 1], L_0x21a85f0, L_0x21a85f0, L_0x21a85f0, L_0x21a85f0;
LS_0x21a8720_0_4 .concat [ 1 1 1 1], L_0x21a85f0, L_0x21a85f0, L_0x21a85f0, L_0x21a85f0;
LS_0x21a8720_0_8 .concat [ 1 1 1 1], L_0x21a85f0, L_0x21a85f0, L_0x21a85f0, L_0x21a85f0;
LS_0x21a8720_0_12 .concat [ 1 1 1 1], L_0x21a85f0, L_0x21a85f0, L_0x21a85f0, L_0x21a85f0;
L_0x21a8720 .concat [ 4 4 4 4], LS_0x21a8720_0_0, LS_0x21a8720_0_4, LS_0x21a8720_0_8, LS_0x21a8720_0_12;
L_0x21a8880 .part L_0x21ad460, 0, 16;
L_0x21a8920 .concat [ 16 16 0 0], L_0x21a8880, L_0x21a8720;
L_0x21a8c90 .cmp/eq 6, L_0x21a80b0, C4<101011>;
L_0x21a8d80 .cmp/eq 6, L_0x21a80b0, C4<100011>;
L_0x21a8eb0 .cmp/eq 6, L_0x21a80b0, C4<000000>;
L_0x21a9010 .part L_0x21a8550, 3, 3;
L_0x21a91f0 .cmp/eq 3, L_0x21a9010, C4<100>;
L_0x21a9440 .cmp/eq 6, L_0x21a80b0, C4<001000>;
L_0x21a9640 .cmp/eq 6, L_0x21a80b0, C4<000100>;
L_0x21a9770 .cmp/eq 6, L_0x21a80b0, C4<000101>;
L_0x21a9900 .cmp/eq 6, L_0x21a80b0, C4<000010>;
L_0x21a9d40 .functor MUXZ 32, L_0x21ace10, L_0x21a8920, L_0x21a9c90, C4<>;
L_0x21aa220 .functor MUXZ 6, L_0x21a8550, C4<100010>, L_0x21aa0c0, C4<>;
L_0x21aa310 .functor MUXZ 6, L_0x21aa220, C4<100000>, L_0x21a9f80, C4<>;
L_0x21aa510 .functor MUXZ 32, L_0x21abfa0, L_0x21ad6a0, L_0x21a8d80, C4<>;
L_0x21aa8e0 .functor MUXZ 5, L_0x21a8290, L_0x21a8380, L_0x21a8c30, C4<>;
L_0x21acf50 .concat [ 32 1 0 0], v0x21a7060_0, C4<0>;
L_0x21ad1a0 .arith/sum 33, L_0x21acf50, C4<000000000000000000000000000000100>;
L_0x21aa980 .part L_0x21ad1a0, 0, 32;
S_0x21a40c0 .scope module, "alu_1" "alu" 3 48, 4 3, S_0x21a2da0;
 .timescale -9 -12;
L_0x21a7480 .functor AND 32, L_0x21ac7a0, L_0x21a9d40, C4<11111111111111111111111111111111>, C4<11111111111111111111111111111111>;
L_0x21aa1c0 .functor OR 32, L_0x21ac7a0, L_0x21a9d40, C4<00000000000000000000000000000000>, C4<00000000000000000000000000000000>;
L_0x21ab2b0 .functor XOR 32, L_0x21ac7a0, L_0x21a9d40, C4<00000000000000000000000000000000>, C4<00000000000000000000000000000000>;
L_0x21ab5e0 .functor OR 32, L_0x21ac7a0, L_0x21a9d40, C4<00000000000000000000000000000000>, C4<00000000000000000000000000000000>;
L_0x21aae10 .functor NOT 32, L_0x21ab5e0, C4<00000000000000000000000000000000>, C4<00000000000000000000000000000000>, C4<00000000000000000000000000000000>;
v0x21a41b0_0 .net *"_s0", 5 0, C4<100000>; 1 drivers
v0x21a4230_0 .net *"_s10", 31 0, L_0x21aad00; 1 drivers
v0x21a42b0_0 .net *"_s12", 5 0, C4<100100>; 1 drivers
v0x21a4350_0 .net *"_s14", 0 0, L_0x21aaf70; 1 drivers
v0x21a4400_0 .net *"_s16", 31 0, L_0x21a7480; 1 drivers
v0x21a44a0_0 .net *"_s18", 5 0, C4<100101>; 1 drivers
v0x21a4540_0 .net *"_s2", 0 0, L_0x21aaa50; 1 drivers
v0x21a45e0_0 .net *"_s20", 0 0, L_0x21ab050; 1 drivers
v0x21a4680_0 .net *"_s22", 31 0, L_0x21aa1c0; 1 drivers
v0x21a4720_0 .net *"_s24", 5 0, C4<100110>; 1 drivers
v0x21a47c0_0 .net *"_s26", 0 0, L_0x21ab1c0; 1 drivers
v0x21a4860_0 .net *"_s28", 31 0, L_0x21ab2b0; 1 drivers
v0x21a4900_0 .net *"_s30", 5 0, C4<100111>; 1 drivers
v0x21a49a0_0 .net *"_s32", 0 0, L_0x21ab3e0; 1 drivers
v0x21a4ac0_0 .net *"_s34", 31 0, L_0x21ab5e0; 1 drivers
v0x21a4b60_0 .net *"_s36", 31 0, L_0x21aae10; 1 drivers
v0x21a4a20_0 .net *"_s38", 31 0, L_0x21ab860; 1 drivers
v0x21a4cb0_0 .net *"_s4", 31 0, L_0x21aaaf0; 1 drivers
v0x21a4dd0_0 .net *"_s40", 31 0, L_0x21ab950; 1 drivers
v0x21a4e50_0 .net *"_s42", 31 0, L_0x21abaf0; 1 drivers
v0x21a4d30_0 .net *"_s44", 31 0, L_0x21abc80; 1 drivers
v0x21a4f80_0 .net *"_s46", 31 0, L_0x21abe10; 1 drivers
v0x21a4ed0_0 .net *"_s50", 31 0, C4<00000000000000000000000000000000>; 1 drivers
v0x21a50c0_0 .net *"_s6", 5 0, C4<100010>; 1 drivers
v0x21a5020_0 .net *"_s8", 0 0, L_0x21aabd0; 1 drivers
v0x21a5210_0 .alias "a", 31 0, v0x21a7790_0;
v0x21a5140_0 .alias "b", 31 0, v0x21a7810_0;
v0x21a5370_0 .alias "s", 5 0, v0x21a6ad0_0;
v0x21a5290_0 .alias "y", 31 0, v0x21a7910_0;
v0x21a54e0_0 .alias "zero", 0 0, v0x21a7ae0_0;
L_0x21aaa50 .cmp/eq 6, L_0x21aa310, C4<100000>;
L_0x21aaaf0 .arith/sum 32, L_0x21ac7a0, L_0x21a9d40;
L_0x21aabd0 .cmp/eq 6, L_0x21aa310, C4<100010>;
L_0x21aad00 .arith/sub 32, L_0x21ac7a0, L_0x21a9d40;
L_0x21aaf70 .cmp/eq 6, L_0x21aa310, C4<100100>;
L_0x21ab050 .cmp/eq 6, L_0x21aa310, C4<100101>;
L_0x21ab1c0 .cmp/eq 6, L_0x21aa310, C4<100110>;
L_0x21ab3e0 .cmp/eq 6, L_0x21aa310, C4<100111>;
L_0x21ab860 .functor MUXZ 32, L_0x21a9d40, L_0x21aae10, L_0x21ab3e0, C4<>;
L_0x21ab950 .functor MUXZ 32, L_0x21ab860, L_0x21ab2b0, L_0x21ab1c0, C4<>;
L_0x21abaf0 .functor MUXZ 32, L_0x21ab950, L_0x21aa1c0, L_0x21ab050, C4<>;
L_0x21abc80 .functor MUXZ 32, L_0x21abaf0, L_0x21a7480, L_0x21aaf70, C4<>;
L_0x21abe10 .functor MUXZ 32, L_0x21abc80, L_0x21aad00, L_0x21aabd0, C4<>;
L_0x21abfa0 .functor MUXZ 32, L_0x21abe10, L_0x21aaaf0, L_0x21aaa50, C4<>;
L_0x21ac170 .cmp/eq 32, L_0x21abfa0, C4<00000000000000000000000000000000>;
S_0x21a2f00 .scope module, "rfile_1" "rfile" 3 50, 5 2, S_0x21a2da0;
 .timescale -9 -12;
v0x21a2ff0_0 .net *"_s1", 0 0, L_0x21ac2b0; 1 drivers
v0x21a30b0_0 .net *"_s10", 31 0, C4<00000000000000000000000000000000>; 1 drivers
v0x21a3150_0 .net *"_s12", 31 0, L_0x21ac490; 1 drivers
v0x21a31f0_0 .net *"_s17", 0 0, L_0x21ac8e0; 1 drivers
v0x21a32a0_0 .net *"_s18", 1 0, L_0x21aca50; 1 drivers
v0x21a3340_0 .net *"_s2", 1 0, L_0x21ac350; 1 drivers
v0x21a3420_0 .net *"_s21", 0 0, C4<0>; 1 drivers
v0x21a34c0_0 .net *"_s22", 1 0, C4<00>; 1 drivers
v0x21a35b0_0 .net *"_s24", 0 0, L_0x21ac660; 1 drivers
v0x21a3650_0 .net *"_s26", 31 0, C4<00000000000000000000000000000000>; 1 drivers
v0x21a3750_0 .net *"_s28", 31 0, L_0x21acd70; 1 drivers
v0x21a37f0_0 .net *"_s5", 0 0, C4<0>; 1 drivers
v0x21a3900_0 .net *"_s6", 1 0, C4<00>; 1 drivers
v0x21a39a0_0 .net *"_s8", 0 0, L_0x21ac530; 1 drivers
v0x21a3ac0_0 .alias "a1", 4 0, v0x21a7190_0;
v0x21a3b60_0 .alias "a2", 4 0, v0x21a7560_0;
v0x21a3a20_0 .alias "a3", 4 0, v0x21a7a60_0;
v0x21a3cb0_0 .alias "clk", 0 0, v0x21a6be0_0;
v0x21a3be0_0 .alias "rd1", 31 0, v0x21a7790_0;
v0x21a3dd0_0 .alias "rd2", 31 0, v0x21a7d90_0;
v0x21a3f00 .array "rf", 31 0, 31 0;
v0x21a3f80_0 .alias "wd3", 31 0, v0x21a7110_0;
v0x21a3e50_0 .alias "we3", 0 0, v0x21a72d0_0;
L_0x21ac2b0 .reduce/or L_0x21a8150;
L_0x21ac350 .concat [ 1 1 0 0], L_0x21ac2b0, C4<0>;
L_0x21ac530 .cmp/eq 2, L_0x21ac350, C4<00>;
L_0x21ac490 .array/port v0x21a3f00, L_0x21a8150;
L_0x21ac7a0 .functor MUXZ 32, L_0x21ac490, C4<00000000000000000000000000000000>, L_0x21ac530, C4<>;
L_0x21ac8e0 .reduce/or L_0x21a8290;
L_0x21aca50 .concat [ 1 1 0 0], L_0x21ac8e0, C4<0>;
L_0x21ac660 .cmp/eq 2, L_0x21aca50, C4<00>;
L_0x21acd70 .array/port v0x21a3f00, L_0x21a8290;
L_0x21ace10 .functor MUXZ 32, L_0x21acd70, C4<00000000000000000000000000000000>, L_0x21ac660, C4<>;
S_0x21a2a50 .scope module, "imem_1" "imem" 2 20, 6 2, S_0x21709b0;
 .timescale -9 -12;
L_0x21ad460 .functor BUFZ 32, L_0x21ad3c0, C4<00000000000000000000000000000000>, C4<00000000000000000000000000000000>, C4<00000000000000000000000000000000>;
v0x21a2b40_0 .net *"_s0", 31 0, L_0x21ad3c0; 1 drivers
v0x21a2c00_0 .net "a", 15 0, L_0x21ad510; 1 drivers
v0x21a2ca0 .array "mem", 65535 0, 31 0;
v0x21a2d20_0 .alias "rd", 31 0, v0x21a7e90_0;
L_0x21ad3c0 .array/port v0x21a2ca0, L_0x21ad510;
S_0x2183d30 .scope module, "dmem_1" "dmem" 2 21, 7 2, S_0x21709b0;
 .timescale -9 -12;
L_0x21ad6a0 .functor BUFZ 32, L_0x21ad600, C4<00000000000000000000000000000000>, C4<00000000000000000000000000000000>, C4<00000000000000000000000000000000>;
v0x21728d0_0 .net *"_s0", 31 0, L_0x21ad600; 1 drivers
v0x21a2660_0 .net "a", 15 0, L_0x21ad790; 1 drivers
v0x21a2700_0 .alias "clk", 0 0, v0x21a6be0_0;
v0x21a27a0 .array "mem", 65535 0, 31 0;
v0x21a2850_0 .alias "rd", 31 0, v0x21a79e0_0;
v0x21a28d0_0 .alias "wd", 31 0, v0x21a7d90_0;
v0x21a29b0_0 .alias "we", 0 0, v0x21a7fe0_0;
E_0x21772f0 .event posedge, v0x21a2700_0;
L_0x21ad600 .array/port v0x21a27a0, L_0x21ad790;
    .scope S_0x21a2f00;
T_0 ;
    %wait E_0x21772f0;
    %load/v 8, v0x21a3e50_0, 1;
    %jmp/0xz  T_0.0, 8;
    %load/v 8, v0x21a3f80_0, 32;
    %ix/getv 3, v0x21a3a20_0;
    %jmp/1 t_0, 4;
    %ix/load 0, 32, 0; word width
    %ix/load 1, 0, 0; part off
    %assign/av v0x21a3f00, 0, 8;
t_0 ;
T_0.0 ;
    %jmp T_0;
    .thread T_0;
    .scope S_0x21a2da0;
T_1 ;
    %wait E_0x21a2e90;
    %load/v 8, v0x21a74e0_0, 1;
    %inv 8, 1;
    %jmp/0xz  T_1.0, 8;
    %ix/load 0, 32, 0;
    %assign/v0 v0x21a7060_0, 0, 0;
    %jmp T_1.1;
T_1.0 ;
    %load/v 8, v0x21a6e10_0, 1;
    %jmp/0xz  T_1.2, 8;
    %mov 8, 0, 2;
    %load/v 10, v0x21a6d90_0, 26; Select 26 out of 32 bits
    %ix/load 1, 28, 0;
    %mov 4, 0, 1;
    %jmp/1 T_1.4, 4;
    %load/x1p 40, v0x21a7060_0, 4;
    %jmp T_1.5;
T_1.4 ;
    %mov 40, 2, 4;
T_1.5 ;
    %mov 36, 40, 4; Move signal select into place
    %ix/load 0, 32, 0;
    %assign/v0 v0x21a7060_0, 0, 8;
    %jmp T_1.3;
T_1.2 ;
    %load/v 8, v0x21a6a50_0, 1;
    %load/v 9, v0x21a7ae0_0, 1;
    %and 8, 9, 1;
    %load/v 9, v0x21a6950_0, 1;
    %load/v 10, v0x21a7ae0_0, 1;
    %inv 10, 1;
    %and 9, 10, 1;
    %or 8, 9, 1;
    %jmp/0xz  T_1.6, 8;
    %load/v 8, v0x21a6e90_0, 32;
    %mov 40, 0, 2;
    %load/v 42, v0x21a7400_0, 30; Select 30 out of 32 bits
    %add 8, 40, 32;
    %ix/load 0, 32, 0;
    %assign/v0 v0x21a7060_0, 0, 8;
    %jmp T_1.7;
T_1.6 ;
    %load/v 8, v0x21a6e90_0, 32;
    %ix/load 0, 32, 0;
    %assign/v0 v0x21a7060_0, 0, 8;
T_1.7 ;
T_1.3 ;
T_1.1 ;
    %jmp T_1;
    .thread T_1;
    .scope S_0x21a2a50;
T_2 ;
    %vpi_call 6 12 "$readmemh", "imem.dat", v0x21a2ca0;
    %end;
    .thread T_2;
    .scope S_0x2183d30;
T_3 ;
    %wait E_0x21772f0;
    %load/v 8, v0x21a29b0_0, 1;
    %jmp/0xz  T_3.0, 8;
    %load/v 8, v0x21a28d0_0, 32;
    %ix/getv 3, v0x21a2660_0;
    %jmp/1 t_1, 4;
    %ix/load 0, 32, 0; word width
    %ix/load 1, 0, 0; part off
    %assign/av v0x21a27a0, 0, 8;
t_1 ;
T_3.0 ;
    %jmp T_3;
    .thread T_3;
    .scope S_0x2183d30;
T_4 ;
    %vpi_call 7 18 "$readmemh", "dmem.dat", v0x21a27a0;
    %end;
    .thread T_4;
    .scope S_0x21709b0;
T_5 ;
    %delay 5000, 0;
    %load/v 8, v0x21a7890_0, 1;
    %inv 8, 1;
    %ix/load 0, 1, 0;
    %assign/v0 v0x21a7890_0, 0, 8;
    %jmp T_5;
    .thread T_5;
    .scope S_0x21709b0;
T_6 ;
    %vpi_call 2 25 "$dumpfile", "mipse.vcd";
    %vpi_call 2 26 "$dumpvars", 1'sb0, S_0x21a2da0;
    %ix/load 0, 1, 0;
    %assign/v0 v0x21a7890_0, 0, 0;
    %ix/load 0, 1, 0;
    %assign/v0 v0x21a7f60_0, 0, 0;
    %delay 2000, 0;
    %delay 10000, 0;
    %ix/load 0, 1, 0;
    %assign/v0 v0x21a7f60_0, 0, 1;
    %delay 1000000, 0;
    %vpi_call 2 33 "$finish";
    %end;
    .thread T_6;
    .scope S_0x21709b0;
T_7 ;
    %wait E_0x2180410;
    %vpi_call 2 37 "$display", "pc:%h idatain:%h", v0x21a7060_0, v0x21a6d90_0;
    %vpi_call 2 38 "$display", "reg:%h %h %h %h %h %h %h %h | %h", &A<v0x21a3f00, 0>, &A<v0x21a3f00, 1>, &A<v0x21a3f00, 2>, &A<v0x21a3f00, 3>, &A<v0x21a3f00, 4>, &A<v0x21a3f00, 5>, &A<v0x21a3f00, 6>, &A<v0x21a3f00, 7>, &A<v0x21a3f00, 31>;
    %vpi_call 2 42 "$display", "dmem:%h %h %h %h", &A<v0x21a27a0, 0>, &A<v0x21a27a0, 1>, &A<v0x21a27a0, 2>, &A<v0x21a27a0, 3>;
    %jmp T_7;
    .thread T_7;
# The file index is used to find the file name in the following table.
:file_names 8;
    "N/A";
    "<interactive>";
    "test_mipse.v";
    "mipse.v";
    "alu.v";
    "rfile.v";
    "imem.v";
    "dmem.v";
