#! c:/iverilog-x64/bin/vvp
:ivl_version "10.1 (stable)" "(v10_1_1)";
:ivl_delay_selection "TYPICAL";
:vpi_time_precision - 12;
:vpi_module "system";
:vpi_module "vhdl_sys";
:vpi_module "v2005_math";
:vpi_module "va_math";
S_000000000075c5a0 .scope module, "test_mipse" "test_mipse" 2 4;
 .timescale -9 -12;
P_0000000000753c70 .param/l "STEP" 0 2 5, +C4<00000000000000000000000000001010>;
v00000000021a8e00_0 .var "clk", 0 0;
v00000000021a8ea0_0 .var/i "count", 31 0;
v00000000021a8f40_0 .net "daddr", 31 0, L_00000000022072a0;  1 drivers
v00000000021a8fe0_0 .net "ddatain", 31 0, L_00000000022061f0;  1 drivers
v00000000021a9080_0 .net "ddataout", 31 0, L_0000000002207ac0;  1 drivers
v00000000021a9120_0 .net "iaddr", 31 0, v00000000021a80e0_0;  1 drivers
v00000000021a91c0_0 .net "idata", 31 0, L_0000000002206110;  1 drivers
v00000000021a9260_0 .var "rst_n", 0 0;
v00000000021a9300_0 .net "we", 0 0, L_0000000000746430;  1 drivers
E_0000000000753af0 .event negedge, v000000000074ae50_0;
L_0000000002207d40 .part v00000000021a80e0_0, 2, 16;
L_0000000002207f20 .part L_00000000022072a0, 2, 16;
S_00000000007189d0 .scope module, "dmem_1" "dmem" 2 22, 3 2 0, S_000000000075c5a0;
 .timescale -9 -12;
    .port_info 0 /INPUT 1 "clk"
    .port_info 1 /INPUT 16 "a"
    .port_info 2 /OUTPUT 32 "rd"
    .port_info 3 /INPUT 32 "wd"
    .port_info 4 /INPUT 1 "we"
L_00000000022061f0 .functor BUFZ 32, L_0000000002207de0, C4<00000000000000000000000000000000>, C4<00000000000000000000000000000000>, C4<00000000000000000000000000000000>;
v000000000074abd0_0 .net *"_s0", 31 0, L_0000000002207de0;  1 drivers
v000000000074a4f0_0 .net *"_s2", 17 0, L_0000000002207e80;  1 drivers
L_00000000021ad588 .functor BUFT 1, C4<00>, C4<0>, C4<0>, C4<0>;
v000000000074ad10_0 .net *"_s5", 1 0, L_00000000021ad588;  1 drivers
v000000000074adb0_0 .net "a", 15 0, L_0000000002207f20;  1 drivers
v000000000074ae50_0 .net "clk", 0 0, v00000000021a8e00_0;  1 drivers
v000000000074aef0 .array "mem", 65535 0, 31 0;
v000000000074af90_0 .net "rd", 31 0, L_00000000022061f0;  alias, 1 drivers
v000000000074b030_0 .net "wd", 31 0, L_0000000002207ac0;  alias, 1 drivers
v000000000074b0d0_0 .net "we", 0 0, L_0000000000746430;  alias, 1 drivers
E_0000000000753370 .event posedge, v000000000074ae50_0;
L_0000000002207de0 .array/port v000000000074aef0, L_0000000002207e80;
L_0000000002207e80 .concat [ 16 2 0 0], L_0000000002207f20, L_00000000021ad588;
S_0000000000718b50 .scope module, "imem_1" "imem" 2 21, 4 2 0, S_000000000075c5a0;
 .timescale -9 -12;
    .port_info 0 /INPUT 16 "a"
    .port_info 1 /OUTPUT 32 "rd"
L_0000000002206110 .functor BUFZ 32, L_0000000002207c00, C4<00000000000000000000000000000000>, C4<00000000000000000000000000000000>, C4<00000000000000000000000000000000>;
v000000000074b170_0 .net *"_s0", 31 0, L_0000000002207c00;  1 drivers
v000000000074b210_0 .net *"_s2", 17 0, L_0000000002207ca0;  1 drivers
L_00000000021ad540 .functor BUFT 1, C4<00>, C4<0>, C4<0>, C4<0>;
v000000000077bc20_0 .net *"_s5", 1 0, L_00000000021ad540;  1 drivers
v000000000077bcc0_0 .net "a", 15 0, L_0000000002207d40;  1 drivers
v000000000077bd60 .array "mem", 65535 0, 31 0;
v000000000077be00_0 .net "rd", 31 0, L_0000000002206110;  alias, 1 drivers
L_0000000002207c00 .array/port v000000000077bd60, L_0000000002207ca0;
L_0000000002207ca0 .concat [ 16 2 0 0], L_0000000002207d40, L_00000000021ad540;
S_0000000000720fe0 .scope module, "mipse_1" "mipse" 2 18, 5 2 0, S_000000000075c5a0;
 .timescale -9 -12;
    .port_info 0 /INPUT 1 "clk"
    .port_info 1 /INPUT 1 "rst_n"
    .port_info 2 /INPUT 32 "instr"
    .port_info 3 /INPUT 32 "readdata"
    .port_info 4 /OUTPUT 32 "pc"
    .port_info 5 /OUTPUT 32 "aluresult"
    .port_info 6 /OUTPUT 32 "writedata"
    .port_info 7 /OUTPUT 1 "memwrite"
L_0000000000746200 .functor BUFZ 32, L_0000000002206110, C4<00000000000000000000000000000000>, C4<00000000000000000000000000000000>, C4<00000000000000000000000000000000>;
L_00000000007462e0 .functor AND 1, L_00000000021aad20, L_00000000021aae60, C4<1>, C4<1>;
L_0000000000746270 .functor AND 1, L_00000000021ab2c0, L_00000000021ab360, C4<1>, C4<1>;
L_0000000000746350 .functor AND 1, L_00000000021ab400, L_00000000021ab4a0, C4<1>, C4<1>;
L_00000000007463c0 .functor AND 1, L_00000000021ab540, L_00000000021ab5e0, C4<1>, C4<1>;
L_0000000000746430 .functor BUFZ 1, L_00000000021aabe0, C4<0>, C4<0>, C4<0>;
L_00000000007464a0 .functor AND 1, L_00000000021ab7c0, L_00000000021ab860, C4<1>, C4<1>;
L_0000000000746510 .functor AND 1, L_00000000021ab900, L_00000000021ab9a0, C4<1>, C4<1>;
L_0000000000746580 .functor OR 1, L_00000000021aaf00, L_00000000021aac80, C4<0>, C4<0>;
L_00000000007465f0 .functor OR 1, L_0000000000746580, L_00000000021aabe0, C4<0>, C4<0>;
L_0000000000746660 .functor OR 1, L_00000000021aaf00, L_00000000021aafa0, C4<0>, C4<0>;
L_00000000007466d0 .functor OR 1, L_0000000000746660, L_00000000021aac80, C4<0>, C4<0>;
L_00000000007467b0 .functor OR 1, L_00000000007466d0, L_00000000021aabe0, C4<0>, C4<0>;
L_0000000000746740 .functor OR 1, L_00000000021ab040, L_00000000021ab0e0, C4<0>, C4<0>;
L_0000000000746820 .functor OR 1, L_0000000000746740, L_0000000000746350, C4<0>, C4<0>;
L_0000000000746890 .functor OR 1, L_0000000000746820, L_00000000007463c0, C4<0>, C4<0>;
L_0000000000746900 .functor AND 1, L_0000000000746510, L_00000000021abcc0, C4<1>, C4<1>;
L_0000000000746970 .functor OR 1, L_0000000000746350, L_00000000007463c0, C4<0>, C4<0>;
L_00000000007469e0 .functor OR 1, L_00000000021aac80, L_00000000007462e0, C4<0>, C4<0>;
L_0000000000746a50 .functor OR 1, L_00000000007469e0, L_00000000021aaf00, C4<0>, C4<0>;
L_0000000000746ac0 .functor OR 1, L_0000000000746a50, L_00000000021aafa0, C4<0>, C4<0>;
L_0000000002205af0 .functor OR 1, L_0000000000746ac0, L_00000000021ab220, C4<0>, C4<0>;
L_0000000002205b60 .functor OR 1, L_0000000002205af0, L_0000000000746350, C4<0>, C4<0>;
L_0000000002205bd0 .functor OR 1, L_0000000002205b60, L_00000000007463c0, C4<0>, C4<0>;
L_0000000002205c40 .functor OR 1, L_0000000002205bd0, L_00000000007464a0, C4<0>, C4<0>;
L_0000000002205cb0 .functor OR 1, L_0000000002205c40, L_0000000000746900, C4<0>, C4<0>;
L_0000000002205d20 .functor OR 1, L_00000000007462e0, L_0000000000746350, C4<0>, C4<0>;
L_0000000002205d90 .functor OR 1, L_0000000002205d20, L_00000000007463c0, C4<0>, C4<0>;
L_0000000002205e00 .functor OR 1, L_0000000002205d90, L_00000000007464a0, C4<0>, C4<0>;
L_0000000002205e70 .functor OR 1, L_0000000002205e00, L_0000000000746900, C4<0>, C4<0>;
v000000000077e580_0 .net *"_s10", 0 0, L_00000000021a9760;  1 drivers
L_00000000021acda8 .functor BUFT 1, C4<000110>, C4<0>, C4<0>, C4<0>;
v000000000077e620_0 .net/2u *"_s103", 5 0, L_00000000021acda8;  1 drivers
L_00000000021acdf0 .functor BUFT 1, C4<000000>, C4<0>, C4<0>, C4<0>;
v000000000077e6c0_0 .net/2u *"_s107", 5 0, L_00000000021acdf0;  1 drivers
v000000000077e760_0 .net *"_s109", 0 0, L_00000000021ab7c0;  1 drivers
v000000000077e800_0 .net *"_s11", 15 0, L_00000000021aa8c0;  1 drivers
L_00000000021ace38 .functor BUFT 1, C4<000000>, C4<0>, C4<0>, C4<0>;
v000000000077e8a0_0 .net/2u *"_s111", 5 0, L_00000000021ace38;  1 drivers
v000000000077e940_0 .net *"_s113", 0 0, L_00000000021ab860;  1 drivers
L_00000000021ace80 .functor BUFT 1, C4<000000>, C4<0>, C4<0>, C4<0>;
v000000000077e9e0_0 .net/2u *"_s117", 5 0, L_00000000021ace80;  1 drivers
v000000000077ea80_0 .net *"_s119", 0 0, L_00000000021ab900;  1 drivers
L_00000000021acec8 .functor BUFT 1, C4<010000>, C4<0>, C4<0>, C4<0>;
v000000000077eb20_0 .net/2u *"_s121", 5 0, L_00000000021acec8;  1 drivers
v000000000077ebc0_0 .net *"_s123", 0 0, L_00000000021ab9a0;  1 drivers
v000000000077ec60_0 .net *"_s127", 0 0, L_0000000000746580;  1 drivers
v000000000077ed00_0 .net *"_s129", 0 0, L_00000000007465f0;  1 drivers
v000000000077eda0_0 .net *"_s131", 31 0, L_00000000021aba40;  1 drivers
v000000000077ee40_0 .net *"_s135", 0 0, L_0000000000746660;  1 drivers
v000000000077eee0_0 .net *"_s137", 0 0, L_00000000007466d0;  1 drivers
v000000000077ef80_0 .net *"_s139", 0 0, L_00000000007467b0;  1 drivers
v000000000077f020_0 .net *"_s14", 15 0, L_00000000021aa960;  1 drivers
L_00000000021acf10 .functor BUFT 1, C4<100000>, C4<0>, C4<0>, C4<0>;
v000000000077f0c0_0 .net/2u *"_s141", 5 0, L_00000000021acf10;  1 drivers
v000000000077f160_0 .net *"_s143", 0 0, L_0000000000746740;  1 drivers
v000000000077f200_0 .net *"_s145", 0 0, L_0000000000746820;  1 drivers
v000000000077f2a0_0 .net *"_s147", 0 0, L_0000000000746890;  1 drivers
L_00000000021acf58 .functor BUFT 1, C4<100010>, C4<0>, C4<0>, C4<0>;
v000000000077f340_0 .net/2u *"_s149", 5 0, L_00000000021acf58;  1 drivers
v000000000077f3e0_0 .net *"_s151", 5 0, L_00000000021abb80;  1 drivers
L_00000000021acfa0 .functor BUFT 1, C4<00000000000000000000000000000000>, C4<0>, C4<0>, C4<0>;
v000000000077f480_0 .net/2u *"_s155", 31 0, L_00000000021acfa0;  1 drivers
v000000000077f520_0 .net *"_s157", 0 0, L_00000000021abcc0;  1 drivers
v000000000077f5c0_0 .net *"_s161", 0 0, L_0000000000746970;  1 drivers
L_00000000021acfe8 .functor BUFT 1, C4<0000000000000000000000000000000>, C4<0>, C4<0>, C4<0>;
v000000000077f660_0 .net/2u *"_s163", 30 0, L_00000000021acfe8;  1 drivers
v000000000077f700_0 .net *"_s166", 0 0, L_00000000021abd60;  1 drivers
v000000000077f7a0_0 .net *"_s167", 31 0, L_00000000021abe00;  1 drivers
v000000000077f840_0 .net *"_s169", 31 0, L_00000000021abea0;  1 drivers
L_00000000021ac898 .functor BUFT 1, C4<0000000000000000>, C4<0>, C4<0>, C4<0>;
v000000000077f8e0_0 .net/2u *"_s17", 15 0, L_00000000021ac898;  1 drivers
v000000000077f980_0 .net *"_s171", 31 0, L_00000000021abf40;  1 drivers
v000000000077fa20_0 .net *"_s173", 31 0, L_00000000021abfe0;  1 drivers
v000000000077fac0_0 .net *"_s175", 31 0, L_00000000021ac080;  1 drivers
v00000000021a58c0_0 .net *"_s177", 31 0, L_00000000021ac120;  1 drivers
v00000000021a5960_0 .net *"_s181", 0 0, L_00000000007469e0;  1 drivers
v00000000021a5a00_0 .net *"_s183", 0 0, L_0000000000746a50;  1 drivers
v00000000021a5aa0_0 .net *"_s185", 0 0, L_0000000000746ac0;  1 drivers
v00000000021a5b40_0 .net *"_s187", 0 0, L_0000000002205af0;  1 drivers
v00000000021a5be0_0 .net *"_s189", 0 0, L_0000000002205b60;  1 drivers
v00000000021a5c80_0 .net *"_s191", 0 0, L_0000000002205bd0;  1 drivers
v00000000021a5d20_0 .net *"_s193", 0 0, L_0000000002205c40;  1 drivers
L_00000000021ad030 .functor BUFT 1, C4<11111>, C4<0>, C4<0>, C4<0>;
v00000000021a5dc0_0 .net/2u *"_s197", 4 0, L_00000000021ad030;  1 drivers
v00000000021a5e60_0 .net *"_s199", 0 0, L_0000000002205d20;  1 drivers
v00000000021a5f00_0 .net *"_s20", 15 0, L_00000000021aaaa0;  1 drivers
v00000000021a5fa0_0 .net *"_s201", 0 0, L_0000000002205d90;  1 drivers
v00000000021a6040_0 .net *"_s203", 0 0, L_0000000002205e00;  1 drivers
v00000000021a60e0_0 .net *"_s205", 0 0, L_0000000002205e70;  1 drivers
v00000000021a6180_0 .net *"_s207", 4 0, L_00000000021ac260;  1 drivers
L_00000000021ad4f8 .functor BUFT 1, C4<00000000000000000000000000000100>, C4<0>, C4<0>, C4<0>;
v00000000021a6220_0 .net/2u *"_s211", 31 0, L_00000000021ad4f8;  1 drivers
L_00000000021ac8e0 .functor BUFT 1, C4<101011>, C4<0>, C4<0>, C4<0>;
v00000000021a62c0_0 .net/2u *"_s23", 5 0, L_00000000021ac8e0;  1 drivers
L_00000000021ac928 .functor BUFT 1, C4<100011>, C4<0>, C4<0>, C4<0>;
v00000000021a6360_0 .net/2u *"_s27", 5 0, L_00000000021ac928;  1 drivers
L_00000000021ac970 .functor BUFT 1, C4<000000>, C4<0>, C4<0>, C4<0>;
v00000000021a6400_0 .net/2u *"_s31", 5 0, L_00000000021ac970;  1 drivers
v00000000021a64a0_0 .net *"_s33", 0 0, L_00000000021aad20;  1 drivers
v00000000021a6540_0 .net *"_s36", 2 0, L_00000000021aadc0;  1 drivers
L_00000000021ac9b8 .functor BUFT 1, C4<100>, C4<0>, C4<0>, C4<0>;
v00000000021a65e0_0 .net/2u *"_s37", 2 0, L_00000000021ac9b8;  1 drivers
v00000000021a6680_0 .net *"_s39", 0 0, L_00000000021aae60;  1 drivers
L_00000000021aca00 .functor BUFT 1, C4<001000>, C4<0>, C4<0>, C4<0>;
v00000000021a6720_0 .net/2u *"_s43", 5 0, L_00000000021aca00;  1 drivers
L_00000000021aca48 .functor BUFT 1, C4<001001>, C4<0>, C4<0>, C4<0>;
v00000000021a67c0_0 .net/2u *"_s47", 5 0, L_00000000021aca48;  1 drivers
L_00000000021aca90 .functor BUFT 1, C4<000100>, C4<0>, C4<0>, C4<0>;
v00000000021a6860_0 .net/2u *"_s51", 5 0, L_00000000021aca90;  1 drivers
L_00000000021acad8 .functor BUFT 1, C4<000101>, C4<0>, C4<0>, C4<0>;
v00000000021a6900_0 .net/2u *"_s55", 5 0, L_00000000021acad8;  1 drivers
L_00000000021acb20 .functor BUFT 1, C4<000010>, C4<0>, C4<0>, C4<0>;
v00000000021a69a0_0 .net/2u *"_s59", 5 0, L_00000000021acb20;  1 drivers
L_00000000021acb68 .functor BUFT 1, C4<000011>, C4<0>, C4<0>, C4<0>;
v00000000021a6a40_0 .net/2u *"_s63", 5 0, L_00000000021acb68;  1 drivers
L_00000000021acbb0 .functor BUFT 1, C4<000000>, C4<0>, C4<0>, C4<0>;
v00000000021a6ae0_0 .net/2u *"_s67", 5 0, L_00000000021acbb0;  1 drivers
v00000000021a6b80_0 .net *"_s69", 0 0, L_00000000021ab2c0;  1 drivers
L_00000000021acbf8 .functor BUFT 1, C4<001000>, C4<0>, C4<0>, C4<0>;
v00000000021a6c20_0 .net/2u *"_s71", 5 0, L_00000000021acbf8;  1 drivers
v00000000021a6cc0_0 .net *"_s73", 0 0, L_00000000021ab360;  1 drivers
L_00000000021acc40 .functor BUFT 1, C4<000000>, C4<0>, C4<0>, C4<0>;
v00000000021a6d60_0 .net/2u *"_s77", 5 0, L_00000000021acc40;  1 drivers
v00000000021a6e00_0 .net *"_s79", 0 0, L_00000000021ab400;  1 drivers
v00000000021a6ea0_0 .net *"_s8", 31 0, L_0000000000746200;  1 drivers
L_00000000021acc88 .functor BUFT 1, C4<101010>, C4<0>, C4<0>, C4<0>;
v00000000021a6f40_0 .net/2u *"_s81", 5 0, L_00000000021acc88;  1 drivers
v00000000021a6fe0_0 .net *"_s83", 0 0, L_00000000021ab4a0;  1 drivers
L_00000000021accd0 .functor BUFT 1, C4<000000>, C4<0>, C4<0>, C4<0>;
v00000000021a7080_0 .net/2u *"_s87", 5 0, L_00000000021accd0;  1 drivers
v00000000021a7120_0 .net *"_s89", 0 0, L_00000000021ab540;  1 drivers
L_00000000021acd18 .functor BUFT 1, C4<101001>, C4<0>, C4<0>, C4<0>;
v00000000021a71c0_0 .net/2u *"_s91", 5 0, L_00000000021acd18;  1 drivers
v00000000021a7260_0 .net *"_s93", 0 0, L_00000000021ab5e0;  1 drivers
L_00000000021acd60 .functor BUFT 1, C4<000001>, C4<0>, C4<0>, C4<0>;
v00000000021a7300_0 .net/2u *"_s99", 5 0, L_00000000021acd60;  1 drivers
v00000000021a73a0_0 .net "addi_op", 0 0, L_00000000021aaf00;  1 drivers
v00000000021a7440_0 .net "addiu_op", 0 0, L_00000000021aafa0;  1 drivers
v00000000021a74e0_0 .net "alu_op", 0 0, L_00000000007462e0;  1 drivers
v00000000021a7580_0 .net "aluresult", 31 0, L_00000000022072a0;  alias, 1 drivers
v00000000021a7620_0 .net "beq_op", 0 0, L_00000000021ab040;  1 drivers
v00000000021a76c0_0 .net "blez_op", 0 0, L_00000000021ab720;  1 drivers
v00000000021a7760_0 .net "bltz_op", 0 0, L_00000000021ab680;  1 drivers
v00000000021a78c0_0 .net "bne_op", 0 0, L_00000000021ab0e0;  1 drivers
v00000000021a7960_0 .net "clk", 0 0, v00000000021a8e00_0;  alias, 1 drivers
v00000000021a7a00_0 .net "com", 5 0, L_00000000021abc20;  1 drivers
v00000000021a7aa0_0 .net "func", 5 0, L_00000000021a96c0;  1 drivers
v00000000021a7b40_0 .net "instr", 31 0, L_0000000002206110;  alias, 1 drivers
v00000000021a7be0_0 .net "j_op", 0 0, L_00000000021ab180;  1 drivers
v00000000021a7c80_0 .net "jal_op", 0 0, L_00000000021ab220;  1 drivers
v00000000021a7d20_0 .net "jr_op", 0 0, L_0000000000746270;  1 drivers
v00000000021a7dc0_0 .net "lw_op", 0 0, L_00000000021aac80;  1 drivers
v00000000021a7e60_0 .net "memwrite", 0 0, L_0000000000746430;  alias, 1 drivers
v00000000021a7f00_0 .net "movz_en", 0 0, L_0000000000746900;  1 drivers
v00000000021a7fa0_0 .net "movz_op", 0 0, L_0000000000746510;  1 drivers
v00000000021a8040_0 .net "opcode", 5 0, L_00000000021a93a0;  1 drivers
v00000000021a80e0_0 .var "pc", 31 0;
v00000000021a8180_0 .net "pcplus4", 31 0, L_0000000002207b60;  1 drivers
v00000000021a8220_0 .net "rd", 4 0, L_00000000021a9580;  1 drivers
v00000000021a82c0_0 .net "readdata", 31 0, L_00000000022061f0;  alias, 1 drivers
v00000000021a8360_0 .net "regwrite", 0 0, L_0000000002205cb0;  1 drivers
v00000000021a8400_0 .net "result", 31 0, L_00000000021ac1c0;  1 drivers
v00000000021a84a0_0 .net "rs", 4 0, L_00000000021a9440;  1 drivers
v00000000021a8540_0 .net "rst_n", 0 0, v00000000021a9260_0;  1 drivers
v00000000021a85e0_0 .net "rt", 4 0, L_00000000021a94e0;  1 drivers
v00000000021a8680_0 .net "shamt", 4 0, L_00000000021a9620;  1 drivers
v00000000021a8720_0 .net "signimm", 31 0, L_00000000021aaa00;  1 drivers
v00000000021a87c0_0 .net "sll_op", 0 0, L_00000000007464a0;  1 drivers
v00000000021a8860_0 .net "slt_op", 0 0, L_0000000000746350;  1 drivers
v00000000021a8900_0 .net "sltu_op", 0 0, L_00000000007463c0;  1 drivers
v00000000021a89a0_0 .net "srca", 31 0, L_0000000002207700;  1 drivers
v00000000021a8a40_0 .net "srcb", 31 0, L_00000000021abae0;  1 drivers
v00000000021a8ae0_0 .net "sw_op", 0 0, L_00000000021aabe0;  1 drivers
v00000000021a8b80_0 .net "unsignimm", 31 0, L_00000000021aab40;  1 drivers
v00000000021a8c20_0 .net "writedata", 31 0, L_0000000002207ac0;  alias, 1 drivers
v00000000021a8cc0_0 .net "writereg", 4 0, L_00000000021ac300;  1 drivers
v00000000021a8d60_0 .net "zero", 0 0, L_0000000002207340;  1 drivers
E_0000000000753270/0 .event negedge, v00000000021a8540_0;
E_0000000000753270/1 .event posedge, v000000000074ae50_0;
E_0000000000753270 .event/or E_0000000000753270/0, E_0000000000753270/1;
L_00000000021a93a0 .part L_0000000000746200, 26, 6;
L_00000000021a9440 .part L_0000000000746200, 21, 5;
L_00000000021a94e0 .part L_0000000000746200, 16, 5;
L_00000000021a9580 .part L_0000000000746200, 11, 5;
L_00000000021a9620 .part L_0000000000746200, 6, 5;
L_00000000021a96c0 .part L_0000000000746200, 0, 6;
L_00000000021a9760 .part L_0000000002206110, 15, 1;
LS_00000000021aa8c0_0_0 .concat [ 1 1 1 1], L_00000000021a9760, L_00000000021a9760, L_00000000021a9760, L_00000000021a9760;
LS_00000000021aa8c0_0_4 .concat [ 1 1 1 1], L_00000000021a9760, L_00000000021a9760, L_00000000021a9760, L_00000000021a9760;
LS_00000000021aa8c0_0_8 .concat [ 1 1 1 1], L_00000000021a9760, L_00000000021a9760, L_00000000021a9760, L_00000000021a9760;
LS_00000000021aa8c0_0_12 .concat [ 1 1 1 1], L_00000000021a9760, L_00000000021a9760, L_00000000021a9760, L_00000000021a9760;
L_00000000021aa8c0 .concat [ 4 4 4 4], LS_00000000021aa8c0_0_0, LS_00000000021aa8c0_0_4, LS_00000000021aa8c0_0_8, LS_00000000021aa8c0_0_12;
L_00000000021aa960 .part L_0000000002206110, 0, 16;
L_00000000021aaa00 .concat [ 16 16 0 0], L_00000000021aa960, L_00000000021aa8c0;
L_00000000021aaaa0 .part L_0000000002206110, 0, 16;
L_00000000021aab40 .concat [ 16 16 0 0], L_00000000021aaaa0, L_00000000021ac898;
L_00000000021aabe0 .cmp/eq 6, L_00000000021a93a0, L_00000000021ac8e0;
L_00000000021aac80 .cmp/eq 6, L_00000000021a93a0, L_00000000021ac928;
L_00000000021aad20 .cmp/eq 6, L_00000000021a93a0, L_00000000021ac970;
L_00000000021aadc0 .part L_00000000021a96c0, 3, 3;
L_00000000021aae60 .cmp/eq 3, L_00000000021aadc0, L_00000000021ac9b8;
L_00000000021aaf00 .cmp/eq 6, L_00000000021a93a0, L_00000000021aca00;
L_00000000021aafa0 .cmp/eq 6, L_00000000021a93a0, L_00000000021aca48;
L_00000000021ab040 .cmp/eq 6, L_00000000021a93a0, L_00000000021aca90;
L_00000000021ab0e0 .cmp/eq 6, L_00000000021a93a0, L_00000000021acad8;
L_00000000021ab180 .cmp/eq 6, L_00000000021a93a0, L_00000000021acb20;
L_00000000021ab220 .cmp/eq 6, L_00000000021a93a0, L_00000000021acb68;
L_00000000021ab2c0 .cmp/eq 6, L_00000000021a93a0, L_00000000021acbb0;
L_00000000021ab360 .cmp/eq 6, L_00000000021a96c0, L_00000000021acbf8;
L_00000000021ab400 .cmp/eq 6, L_00000000021a93a0, L_00000000021acc40;
L_00000000021ab4a0 .cmp/eq 6, L_00000000021a96c0, L_00000000021acc88;
L_00000000021ab540 .cmp/eq 6, L_00000000021a93a0, L_00000000021accd0;
L_00000000021ab5e0 .cmp/eq 6, L_00000000021a96c0, L_00000000021acd18;
L_00000000021ab680 .cmp/eq 6, L_00000000021a93a0, L_00000000021acd60;
L_00000000021ab720 .cmp/eq 6, L_00000000021a93a0, L_00000000021acda8;
L_00000000021ab7c0 .cmp/eq 6, L_00000000021a93a0, L_00000000021acdf0;
L_00000000021ab860 .cmp/eq 6, L_00000000021a96c0, L_00000000021ace38;
L_00000000021ab900 .cmp/eq 6, L_00000000021a93a0, L_00000000021ace80;
L_00000000021ab9a0 .cmp/eq 6, L_00000000021a96c0, L_00000000021acec8;
L_00000000021aba40 .functor MUXZ 32, L_0000000002207ac0, L_00000000021aab40, L_00000000021aafa0, C4<>;
L_00000000021abae0 .functor MUXZ 32, L_00000000021aba40, L_00000000021aaa00, L_00000000007465f0, C4<>;
L_00000000021abb80 .functor MUXZ 6, L_00000000021a96c0, L_00000000021acf58, L_0000000000746890, C4<>;
L_00000000021abc20 .functor MUXZ 6, L_00000000021abb80, L_00000000021acf10, L_00000000007467b0, C4<>;
L_00000000021abcc0 .cmp/eq 32, L_0000000002207ac0, L_00000000021acfa0;
L_00000000021abd60 .part L_00000000022072a0, 31, 1;
L_00000000021abe00 .concat [ 1 31 0 0], L_00000000021abd60, L_00000000021acfe8;
L_00000000021abea0 .shift/l 32, L_0000000002207ac0, L_00000000021a9620;
L_00000000021abf40 .functor MUXZ 32, L_00000000022072a0, L_00000000022061f0, L_00000000021aac80, C4<>;
L_00000000021abfe0 .functor MUXZ 32, L_00000000021abf40, L_0000000002207b60, L_00000000021ab220, C4<>;
L_00000000021ac080 .functor MUXZ 32, L_00000000021abfe0, L_00000000021abea0, L_00000000007464a0, C4<>;
L_00000000021ac120 .functor MUXZ 32, L_00000000021ac080, L_0000000002207700, L_0000000000746900, C4<>;
L_00000000021ac1c0 .functor MUXZ 32, L_00000000021ac120, L_00000000021abe00, L_0000000000746970, C4<>;
L_00000000021ac260 .functor MUXZ 5, L_00000000021a94e0, L_00000000021a9580, L_0000000002205e70, C4<>;
L_00000000021ac300 .functor MUXZ 5, L_00000000021ac260, L_00000000021ad030, L_00000000021ab220, C4<>;
L_0000000002207b60 .arith/sum 32, v00000000021a80e0_0, L_00000000021ad4f8;
S_0000000000721160 .scope module, "alu_1" "alu" 5 68, 6 3 0, S_0000000000720fe0;
 .timescale -9 -12;
    .port_info 0 /INPUT 32 "a"
    .port_info 1 /INPUT 32 "b"
    .port_info 2 /INPUT 6 "s"
    .port_info 3 /OUTPUT 32 "y"
    .port_info 4 /OUTPUT 1 "zero"
L_0000000002205ee0 .functor AND 32, L_0000000002207700, L_00000000021abae0, C4<11111111111111111111111111111111>, C4<11111111111111111111111111111111>;
L_0000000002205f50 .functor OR 32, L_0000000002207700, L_00000000021abae0, C4<00000000000000000000000000000000>, C4<00000000000000000000000000000000>;
L_0000000002205fc0 .functor XOR 32, L_0000000002207700, L_00000000021abae0, C4<00000000000000000000000000000000>, C4<00000000000000000000000000000000>;
L_0000000002206030 .functor OR 32, L_0000000002207700, L_00000000021abae0, C4<00000000000000000000000000000000>, C4<00000000000000000000000000000000>;
L_00000000022060a0 .functor NOT 32, L_0000000002206030, C4<00000000000000000000000000000000>, C4<00000000000000000000000000000000>, C4<00000000000000000000000000000000>;
L_00000000021ad078 .functor BUFT 1, C4<100000>, C4<0>, C4<0>, C4<0>;
v000000000077bea0_0 .net/2u *"_s0", 5 0, L_00000000021ad078;  1 drivers
v000000000077bf40_0 .net *"_s10", 31 0, L_00000000021ac580;  1 drivers
L_00000000021ad108 .functor BUFT 1, C4<100100>, C4<0>, C4<0>, C4<0>;
v000000000077bfe0_0 .net/2u *"_s12", 5 0, L_00000000021ad108;  1 drivers
v000000000077c080_0 .net *"_s14", 0 0, L_00000000021ac620;  1 drivers
v000000000077c120_0 .net *"_s16", 31 0, L_0000000002205ee0;  1 drivers
L_00000000021ad150 .functor BUFT 1, C4<100101>, C4<0>, C4<0>, C4<0>;
v000000000077c1c0_0 .net/2u *"_s18", 5 0, L_00000000021ad150;  1 drivers
v000000000077c260_0 .net *"_s2", 0 0, L_00000000021ac3a0;  1 drivers
v000000000077c300_0 .net *"_s20", 0 0, L_00000000021ac6c0;  1 drivers
v000000000077c3a0_0 .net *"_s22", 31 0, L_0000000002205f50;  1 drivers
L_00000000021ad198 .functor BUFT 1, C4<100110>, C4<0>, C4<0>, C4<0>;
v000000000077c440_0 .net/2u *"_s24", 5 0, L_00000000021ad198;  1 drivers
v000000000077c4e0_0 .net *"_s26", 0 0, L_00000000021ac760;  1 drivers
v000000000077c580_0 .net *"_s28", 31 0, L_0000000002205fc0;  1 drivers
L_00000000021ad1e0 .functor BUFT 1, C4<100111>, C4<0>, C4<0>, C4<0>;
v000000000077c620_0 .net/2u *"_s30", 5 0, L_00000000021ad1e0;  1 drivers
v000000000077c6c0_0 .net *"_s32", 0 0, L_0000000002206d00;  1 drivers
v000000000077c760_0 .net *"_s34", 31 0, L_0000000002206030;  1 drivers
v000000000077c800_0 .net *"_s36", 31 0, L_00000000022060a0;  1 drivers
L_00000000021ad228 .functor BUFT 1, C4<100001>, C4<0>, C4<0>, C4<0>;
v000000000077c8a0_0 .net/2u *"_s38", 5 0, L_00000000021ad228;  1 drivers
v000000000077c940_0 .net *"_s4", 31 0, L_00000000021ac440;  1 drivers
v000000000077c9e0_0 .net *"_s40", 0 0, L_0000000002206da0;  1 drivers
v000000000077ca80_0 .net *"_s42", 31 0, L_0000000002206e40;  1 drivers
v000000000077cb20_0 .net *"_s44", 31 0, L_0000000002206ee0;  1 drivers
v000000000077cbc0_0 .net *"_s46", 31 0, L_0000000002206f80;  1 drivers
v000000000077cc60_0 .net *"_s48", 31 0, L_0000000002207020;  1 drivers
v000000000077cd00_0 .net *"_s50", 31 0, L_00000000022070c0;  1 drivers
v000000000077cda0_0 .net *"_s52", 31 0, L_0000000002207160;  1 drivers
v000000000077ce40_0 .net *"_s54", 31 0, L_0000000002207200;  1 drivers
L_00000000021ad270 .functor BUFT 1, C4<00000000000000000000000000000000>, C4<0>, C4<0>, C4<0>;
v000000000077cee0_0 .net/2u *"_s58", 31 0, L_00000000021ad270;  1 drivers
L_00000000021ad0c0 .functor BUFT 1, C4<100010>, C4<0>, C4<0>, C4<0>;
v000000000077cf80_0 .net/2u *"_s6", 5 0, L_00000000021ad0c0;  1 drivers
v000000000077d020_0 .net *"_s8", 0 0, L_00000000021ac4e0;  1 drivers
v000000000077d0c0_0 .net "a", 31 0, L_0000000002207700;  alias, 1 drivers
v000000000077d160_0 .net "b", 31 0, L_00000000021abae0;  alias, 1 drivers
v000000000077d200_0 .net "s", 5 0, L_00000000021abc20;  alias, 1 drivers
v000000000077d2a0_0 .net "y", 31 0, L_00000000022072a0;  alias, 1 drivers
v000000000077d340_0 .net "zero", 0 0, L_0000000002207340;  alias, 1 drivers
L_00000000021ac3a0 .cmp/eq 6, L_00000000021abc20, L_00000000021ad078;
L_00000000021ac440 .arith/sum 32, L_0000000002207700, L_00000000021abae0;
L_00000000021ac4e0 .cmp/eq 6, L_00000000021abc20, L_00000000021ad0c0;
L_00000000021ac580 .arith/sub 32, L_0000000002207700, L_00000000021abae0;
L_00000000021ac620 .cmp/eq 6, L_00000000021abc20, L_00000000021ad108;
L_00000000021ac6c0 .cmp/eq 6, L_00000000021abc20, L_00000000021ad150;
L_00000000021ac760 .cmp/eq 6, L_00000000021abc20, L_00000000021ad198;
L_0000000002206d00 .cmp/eq 6, L_00000000021abc20, L_00000000021ad1e0;
L_0000000002206da0 .cmp/eq 6, L_00000000021abc20, L_00000000021ad228;
L_0000000002206e40 .arith/sum 32, L_0000000002207700, L_00000000021abae0;
L_0000000002206ee0 .functor MUXZ 32, L_00000000021abae0, L_0000000002206e40, L_0000000002206da0, C4<>;
L_0000000002206f80 .functor MUXZ 32, L_0000000002206ee0, L_00000000022060a0, L_0000000002206d00, C4<>;
L_0000000002207020 .functor MUXZ 32, L_0000000002206f80, L_0000000002205fc0, L_00000000021ac760, C4<>;
L_00000000022070c0 .functor MUXZ 32, L_0000000002207020, L_0000000002205f50, L_00000000021ac6c0, C4<>;
L_0000000002207160 .functor MUXZ 32, L_00000000022070c0, L_0000000002205ee0, L_00000000021ac620, C4<>;
L_0000000002207200 .functor MUXZ 32, L_0000000002207160, L_00000000021ac580, L_00000000021ac4e0, C4<>;
L_00000000022072a0 .functor MUXZ 32, L_0000000002207200, L_00000000021ac440, L_00000000021ac3a0, C4<>;
L_0000000002207340 .cmp/eq 32, L_00000000022072a0, L_00000000021ad270;
S_000000000071d860 .scope module, "rfile_1" "rfile" 5 70, 7 2 0, S_0000000000720fe0;
 .timescale -9 -12;
    .port_info 0 /INPUT 1 "clk"
    .port_info 1 /INPUT 5 "a1"
    .port_info 2 /INPUT 5 "a2"
    .port_info 3 /INPUT 5 "a3"
    .port_info 4 /OUTPUT 32 "rd1"
    .port_info 5 /OUTPUT 32 "rd2"
    .port_info 6 /INPUT 32 "wd3"
    .port_info 7 /INPUT 1 "we3"
v000000000077d3e0_0 .net *"_s1", 0 0, L_00000000022073e0;  1 drivers
L_00000000021ad348 .functor BUFT 1, C4<00000000000000000000000000000000>, C4<0>, C4<0>, C4<0>;
v000000000077d480_0 .net/2u *"_s10", 31 0, L_00000000021ad348;  1 drivers
v000000000077d520_0 .net *"_s12", 31 0, L_00000000022075c0;  1 drivers
v000000000077d5c0_0 .net *"_s14", 6 0, L_0000000002207660;  1 drivers
L_00000000021ad390 .functor BUFT 1, C4<00>, C4<0>, C4<0>, C4<0>;
v000000000077d660_0 .net *"_s17", 1 0, L_00000000021ad390;  1 drivers
v000000000077d700_0 .net *"_s2", 31 0, L_0000000002207480;  1 drivers
v000000000077d7a0_0 .net *"_s21", 0 0, L_00000000022077a0;  1 drivers
v000000000077d840_0 .net *"_s22", 31 0, L_0000000002207840;  1 drivers
L_00000000021ad3d8 .functor BUFT 1, C4<0000000000000000000000000000000>, C4<0>, C4<0>, C4<0>;
v000000000077d8e0_0 .net *"_s25", 30 0, L_00000000021ad3d8;  1 drivers
L_00000000021ad420 .functor BUFT 1, C4<00000000000000000000000000000000>, C4<0>, C4<0>, C4<0>;
v000000000077d980_0 .net/2u *"_s26", 31 0, L_00000000021ad420;  1 drivers
v000000000077da20_0 .net *"_s28", 0 0, L_00000000022078e0;  1 drivers
L_00000000021ad468 .functor BUFT 1, C4<00000000000000000000000000000000>, C4<0>, C4<0>, C4<0>;
v000000000077dac0_0 .net/2u *"_s30", 31 0, L_00000000021ad468;  1 drivers
v000000000077dc20_0 .net *"_s32", 31 0, L_0000000002207980;  1 drivers
v000000000077dcc0_0 .net *"_s34", 6 0, L_0000000002207a20;  1 drivers
L_00000000021ad4b0 .functor BUFT 1, C4<00>, C4<0>, C4<0>, C4<0>;
v000000000077dd60_0 .net *"_s37", 1 0, L_00000000021ad4b0;  1 drivers
L_00000000021ad2b8 .functor BUFT 1, C4<0000000000000000000000000000000>, C4<0>, C4<0>, C4<0>;
v000000000077de00_0 .net *"_s5", 30 0, L_00000000021ad2b8;  1 drivers
L_00000000021ad300 .functor BUFT 1, C4<00000000000000000000000000000000>, C4<0>, C4<0>, C4<0>;
v000000000077dea0_0 .net/2u *"_s6", 31 0, L_00000000021ad300;  1 drivers
v000000000077df40_0 .net *"_s8", 0 0, L_0000000002207520;  1 drivers
v000000000077dfe0_0 .net "a1", 4 0, L_00000000021a9440;  alias, 1 drivers
v000000000077e080_0 .net "a2", 4 0, L_00000000021a94e0;  alias, 1 drivers
v000000000077e120_0 .net "a3", 4 0, L_00000000021ac300;  alias, 1 drivers
v000000000077e1c0_0 .net "clk", 0 0, v00000000021a8e00_0;  alias, 1 drivers
v000000000077e260_0 .net "rd1", 31 0, L_0000000002207700;  alias, 1 drivers
v000000000077e300_0 .net "rd2", 31 0, L_0000000002207ac0;  alias, 1 drivers
v000000000077e3a0 .array "rf", 31 0, 31 0;
v000000000077e440_0 .net "wd3", 31 0, L_00000000021ac1c0;  alias, 1 drivers
v000000000077e4e0_0 .net "we3", 0 0, L_0000000002205cb0;  alias, 1 drivers
L_00000000022073e0 .reduce/or L_00000000021a9440;
L_0000000002207480 .concat [ 1 31 0 0], L_00000000022073e0, L_00000000021ad2b8;
L_0000000002207520 .cmp/eq 32, L_0000000002207480, L_00000000021ad300;
L_00000000022075c0 .array/port v000000000077e3a0, L_0000000002207660;
L_0000000002207660 .concat [ 5 2 0 0], L_00000000021a9440, L_00000000021ad390;
L_0000000002207700 .functor MUXZ 32, L_00000000022075c0, L_00000000021ad348, L_0000000002207520, C4<>;
L_00000000022077a0 .reduce/or L_00000000021a94e0;
L_0000000002207840 .concat [ 1 31 0 0], L_00000000022077a0, L_00000000021ad3d8;
L_00000000022078e0 .cmp/eq 32, L_0000000002207840, L_00000000021ad420;
L_0000000002207980 .array/port v000000000077e3a0, L_0000000002207a20;
L_0000000002207a20 .concat [ 5 2 0 0], L_00000000021a94e0, L_00000000021ad4b0;
L_0000000002207ac0 .functor MUXZ 32, L_0000000002207980, L_00000000021ad468, L_00000000022078e0, C4<>;
    .scope S_000000000071d860;
T_0 ;
    %wait E_0000000000753370;
    %load/vec4 v000000000077e4e0_0;
    %flag_set/vec4 8;
    %jmp/0xz  T_0.0, 8;
    %load/vec4 v000000000077e440_0;
    %load/vec4 v000000000077e120_0;
    %pad/u 7;
    %ix/vec4 3;
    %ix/load 4, 0, 0; Constant delay
    %assign/vec4/a/d v000000000077e3a0, 0, 4;
T_0.0 ;
    %jmp T_0;
    .thread T_0;
    .scope S_0000000000720fe0;
T_1 ;
    %wait E_0000000000753270;
    %load/vec4 v00000000021a8540_0;
    %nor/r;
    %flag_set/vec4 8;
    %jmp/0xz  T_1.0, 8;
    %pushi/vec4 0, 0, 32;
    %assign/vec4 v00000000021a80e0_0, 0;
    %jmp T_1.1;
T_1.0 ;
    %load/vec4 v00000000021a7be0_0;
    %load/vec4 v00000000021a7c80_0;
    %or;
    %flag_set/vec4 8;
    %jmp/0xz  T_1.2, 8;
    %load/vec4 v00000000021a80e0_0;
    %parti/s 4, 28, 6;
    %load/vec4 v00000000021a7b40_0;
    %parti/s 26, 0, 2;
    %concat/vec4; draw_concat_vec4
    %concati/vec4 0, 0, 2;
    %assign/vec4 v00000000021a80e0_0, 0;
    %jmp T_1.3;
T_1.2 ;
    %load/vec4 v00000000021a7d20_0;
    %flag_set/vec4 8;
    %jmp/0xz  T_1.4, 8;
    %load/vec4 v00000000021a89a0_0;
    %assign/vec4 v00000000021a80e0_0, 0;
    %jmp T_1.5;
T_1.4 ;
    %load/vec4 v00000000021a7620_0;
    %load/vec4 v00000000021a8d60_0;
    %and;
    %load/vec4 v00000000021a78c0_0;
    %load/vec4 v00000000021a8d60_0;
    %nor/r;
    %and;
    %or;
    %flag_set/vec4 8;
    %jmp/0xz  T_1.6, 8;
    %load/vec4 v00000000021a8180_0;
    %load/vec4 v00000000021a8720_0;
    %parti/s 30, 0, 2;
    %concati/vec4 0, 0, 2;
    %add;
    %assign/vec4 v00000000021a80e0_0, 0;
    %jmp T_1.7;
T_1.6 ;
    %load/vec4 v00000000021a7760_0;
    %load/vec4 v00000000021a89a0_0;
    %cmpi/u 0, 0, 32;
    %flag_get/vec4 5;
    %and;
    %load/vec4 v00000000021a76c0_0;
    %load/vec4 v00000000021a89a0_0;
    %cmpi/u 0, 0, 32;
    %flag_get/vec4 4;
    %flag_get/vec4 5;
    %or;
    %and;
    %or;
    %flag_set/vec4 8;
    %jmp/0xz  T_1.8, 8;
    %load/vec4 v00000000021a8180_0;
    %load/vec4 v00000000021a8720_0;
    %parti/s 30, 0, 2;
    %concati/vec4 0, 0, 2;
    %add;
    %assign/vec4 v00000000021a80e0_0, 0;
    %jmp T_1.9;
T_1.8 ;
    %load/vec4 v00000000021a8180_0;
    %assign/vec4 v00000000021a80e0_0, 0;
T_1.9 ;
T_1.7 ;
T_1.5 ;
T_1.3 ;
T_1.1 ;
    %jmp T_1;
    .thread T_1;
    .scope S_0000000000718b50;
T_2 ;
    %vpi_call 4 12 "$readmemh", "imem.dat", v000000000077bd60 {0 0 0};
    %end;
    .thread T_2;
    .scope S_00000000007189d0;
T_3 ;
    %wait E_0000000000753370;
    %load/vec4 v000000000074b0d0_0;
    %flag_set/vec4 8;
    %jmp/0xz  T_3.0, 8;
    %load/vec4 v000000000074b030_0;
    %load/vec4 v000000000074adb0_0;
    %pad/u 18;
    %ix/vec4 3;
    %ix/load 4, 0, 0; Constant delay
    %assign/vec4/a/d v000000000074aef0, 0, 4;
T_3.0 ;
    %jmp T_3;
    .thread T_3;
    .scope S_00000000007189d0;
T_4 ;
    %vpi_call 3 18 "$readmemh", "dmem.dat", v000000000074aef0 {0 0 0};
    %end;
    .thread T_4;
    .scope S_000000000075c5a0;
T_5 ;
    %delay 5000, 0;
    %load/vec4 v00000000021a8e00_0;
    %inv;
    %assign/vec4 v00000000021a8e00_0, 0;
    %jmp T_5;
    .thread T_5;
    .scope S_000000000075c5a0;
T_6 ;
    %vpi_call 2 26 "$dumpfile", "mipse.vcd" {0 0 0};
    %vpi_call 2 27 "$dumpvars", 32'sb00000000000000000000000000000000, S_0000000000720fe0 {0 0 0};
    %pushi/vec4 0, 0, 32;
    %assign/vec4 v00000000021a8ea0_0, 0;
    %pushi/vec4 0, 0, 1;
    %assign/vec4 v00000000021a8e00_0, 0;
    %pushi/vec4 0, 0, 1;
    %assign/vec4 v00000000021a9260_0, 0;
    %delay 2000, 0;
    %delay 10000, 0;
    %pushi/vec4 1, 0, 1;
    %assign/vec4 v00000000021a9260_0, 0;
    %delay 1000000, 0;
    %vpi_call 2 35 "$finish" {0 0 0};
    %end;
    .thread T_6;
    .scope S_000000000075c5a0;
T_7 ;
    %wait E_0000000000753af0;
    %load/vec4 v00000000021a8ea0_0;
    %addi 1, 0, 32;
    %assign/vec4 v00000000021a8ea0_0, 0;
    %load/vec4 v00000000021a9300_0;
    %load/vec4 v00000000021a8f40_0;
    %pushi/vec4 80, 0, 32;
    %cmp/e;
    %flag_get/vec4 4;
    %and;
    %flag_set/vec4 8;
    %jmp/0xz  T_7.0, 8;
    %vpi_call 2 41 "$display", "Clock Count: %d ", v00000000021a8ea0_0 {0 0 0};
    %vpi_call 2 42 "$finish" {0 0 0};
T_7.0 ;
    %jmp T_7;
    .thread T_7;
    .scope S_000000000075c5a0;
T_8 ;
    %wait E_0000000000753af0;
    %vpi_call 2 46 "$display", "pc:%h idatain:%h", v00000000021a80e0_0, v00000000021a7b40_0 {0 0 0};
    %vpi_call 2 47 "$display", "reg:%h %h %h %h %h %h %h %h | %h", &A<v000000000077e3a0, 0>, &A<v000000000077e3a0, 1>, &A<v000000000077e3a0, 2>, &A<v000000000077e3a0, 3>, &A<v000000000077e3a0, 4>, &A<v000000000077e3a0, 5>, &A<v000000000077e3a0, 6>, &A<v000000000077e3a0, 7>, &A<v000000000077e3a0, 31> {0 0 0};
    %jmp T_8;
    .thread T_8;
# The file index is used to find the file name in the following table.
:file_names 8;
    "N/A";
    "<interactive>";
    "test_mipse.v";
    "dmem.v";
    "imem.v";
    "mipse.v";
    "alu.v";
    "rfile.v";
